[unknown] Checking access for user: 6 on page: /ASAL Computer Science/Pastpapers/2015-s13/2015-s13-01.md
[unknown] Number of page permissions found: 0
[unknown] No specific permissions required for this page.
[unknown] Checking access for user: 6 on page: /ASAL Computer Science/Pastpapers/2015-s13/2015-s13-01.md
[unknown] Number of page permissions found: 0
[unknown] No specific permissions required for this page.
[unknown] Checking access for user: 6 on page: /ASAL Computer Science/Pastpapers/2015-s13/2015-s13-01.md
[unknown] Number of page permissions found: 0
[unknown] No specific permissions required for this page.
[unknown] Checking access for user: 6 on page: /ASAL Computer Science/Pastpapers/2015-s13/2015-s13-01.md
[unknown] Number of page permissions found: 0
[unknown] No specific permissions required for this page.
[unknown] Checking access for user: 6 on page: /ASAL Computer Science/Notebook/001 Data representation.md
[unknown] Number of page permissions found: 0
[unknown] No specific permissions required for this page.
[unknown] Checking access for user: 6 on page: /ASAL Computer Science/Notebook/002 Communication.md
[unknown] Number of page permissions found: 0
[unknown] No specific permissions required for this page.
[unknown] Checking access for user: 6 on page: /ASAL Computer Science/ASAL Computer Science Index.md
[unknown] Number of page permissions found: 0
[unknown] No specific permissions required for this page.
[unknown] Checking access for user: 6 on page: /ASAL Computer Science/Notebook/001 Data representation.md
[unknown] Number of page permissions found: 0
[unknown] No specific permissions required for this page.
[unknown] Checking access for user: 6 on page: /ASAL Computer Science/Notebook/003 Hardware.md
[unknown] Number of page permissions found: 0
[unknown] No specific permissions required for this page.
[unknown] Checking access for user: 6 on page: /ASAL Computer Science/Notebook/004 Processor Fundamentals.md
[unknown] Number of page permissions found: 0
[unknown] No specific permissions required for this page.
[unknown] Checking access for user: 6 on page: /ASAL Computer Science/CategorizedPastpapers/001 DataRepresentation Questions.md
[unknown] Number of page permissions found: 1
[unknown] Page permissions: 2
[unknown] User permissions: 1
[unknown] Access denied for user: 6 on page: /ASAL Computer Science/CategorizedPastpapers/001 DataRepresentation Questions.md
[unknown] Checking access for user: 6 on page: /ASAL Computer Science/CategorizedPastpapers/004 Processor Fundamentals Questions.md
[unknown] Number of page permissions found: 1
[unknown] Page permissions: 2
[unknown] User permissions: 1
[unknown] Access denied for user: 6 on page: /ASAL Computer Science/CategorizedPastpapers/004 Processor Fundamentals Questions.md
[unknown] Checking access for user: 6 on page: /ASAL Computer Science/CategorizedPastpapers/008  Database Questions.md
[unknown] Number of page permissions found: 1
[unknown] Page permissions: 2
[unknown] User permissions: 1
[unknown] Access denied for user: 6 on page: /ASAL Computer Science/CategorizedPastpapers/008  Database Questions.md
[unknown] Checking access for user: 6 on page: /IGCSE Computer Science/CategorizedPastpapers/002 Data Transmission Questions.md
[unknown] Number of page permissions found: 1
[unknown] Page permissions: 1
[unknown] User permissions: 1
[unknown] Access granted for user: 6 on page: /IGCSE Computer Science/CategorizedPastpapers/002 Data Transmission Questions.md
[unknown] Checking access for user: 6 on page: /IGCSE Computer Science/CategorizedPastpapers/003 Hardware Questions.md
[unknown] Number of page permissions found: 1
[unknown] Page permissions: 1
[unknown] User permissions: 1
[unknown] Access granted for user: 6 on page: /IGCSE Computer Science/CategorizedPastpapers/003 Hardware Questions.md
[unknown] Checking access for user: 6 on page: /IGCSE Computer Science/Questions/2023 Mock 专项.md
[unknown] Number of page permissions found: 0
[unknown] No specific permissions required for this page.
[unknown] Checking access for user: 6 on page: /IGCSE Computer Science/Questions/2023 Mock 专项.md
[unknown] Number of page permissions found: 0
[unknown] No specific permissions required for this page.
[unknown] Checking access for user: 6 on page: /IGCSE Computer Science/Pastpapers/2020-w13/2020-w13-10.md
[unknown] Number of page permissions found: 0
[unknown] No specific permissions required for this page.
[unknown] Checking access for user: 6 on page: /IGCSE Computer Science/Pastpapers/2020-w13/2020-w13-10.md
[unknown] Number of page permissions found: 0
[unknown] No specific permissions required for this page.
[unknown] Checking access for user: 6 on page: /IGCSE Computer Science/Pastpapers/2020-w13/2020-w13-10.md
[unknown] Number of page permissions found: 0
[unknown] No specific permissions required for this page.
[unknown] Checking access for user: 6 on page: /IGCSE Computer Science/CategorizedPastpapers/002 Data Transmission Questions.md
[unknown] Number of page permissions found: 1
[unknown] Page permissions: 1
[unknown] User permissions: 1
[unknown] Access granted for user: 6 on page: /IGCSE Computer Science/CategorizedPastpapers/002 Data Transmission Questions.md
[unknown] Checking access for user: 6 on page: /ASAL Computer Science/CategorizedPastpapers/001 DataRepresentation Questions.md
[unknown] Number of page permissions found: 1
[unknown] Page permissions: 2
[unknown] User permissions: 1
[unknown] Access denied for user: 6 on page: /ASAL Computer Science/CategorizedPastpapers/001 DataRepresentation Questions.md
[unknown] Login attempt for email: baicao2010@qq.com
[unknown] Password verified successfully for email: baicao2010@qq.com
[53fc10caa6b33b30a3677f3655785fea] Login successful for user ID: 6
[53fc10caa6b33b30a3677f3655785fea] Checking access for user: 6 on page: /ASAL Computer Science/CategorizedPastpapers/001 DataRepresentation Questions.md
[53fc10caa6b33b30a3677f3655785fea] Number of page permissions found: 1
[53fc10caa6b33b30a3677f3655785fea] Page permissions: 2
[53fc10caa6b33b30a3677f3655785fea] User permissions: 1
[53fc10caa6b33b30a3677f3655785fea] Access denied for user: 6 on page: /ASAL Computer Science/CategorizedPastpapers/001 DataRepresentation Questions.md
[53fc10caa6b33b30a3677f3655785fea] Checking access for user: 6 on page: /ASAL Computer Science/CategorizedPastpapers/002 Communication Questions.md
[53fc10caa6b33b30a3677f3655785fea] Access denied for user: 6 on page: /ASAL Computer Science/CategorizedPastpapers/002 Communication Questions.md
[53fc10caa6b33b30a3677f3655785fea] Checking access for user: 6 on page: /IGCSE Computer Science/CategorizedPastpapers/001 Data Representation Questions.md
[53fc10caa6b33b30a3677f3655785fea] Access granted for user: 6 on page: /IGCSE Computer Science/CategorizedPastpapers/001 Data Representation Questions.md
[53fc10caa6b33b30a3677f3655785fea] Checking access for user: 6 on page: /IGCSE Computer Science/Pastpapers/2024-s11/2024-s11-02.md
[53fc10caa6b33b30a3677f3655785fea] No specific permissions required for this page.
[53fc10caa6b33b30a3677f3655785fea] Checking access for user: 6 on page: /IGCSE Computer Science/Pastpapers/2024-s11/2024-s11-02.md
[53fc10caa6b33b30a3677f3655785fea] No specific permissions required for this page.
[53fc10caa6b33b30a3677f3655785fea] Checking access for user: 6 on page: /IGCSE Computer Science/Pastpapers/2024-s11/2024-s11-03.md
[53fc10caa6b33b30a3677f3655785fea] No specific permissions required for this page.
[53fc10caa6b33b30a3677f3655785fea] Checking access for user: 6 on page: /IGCSE Computer Science/Pastpapers/2024-m12/2024-m12-01.md
[53fc10caa6b33b30a3677f3655785fea] No specific permissions required for this page.
[53fc10caa6b33b30a3677f3655785fea] Checking access for user: 6 on page: /IGCSE Computer Science/CategorizedPastpapers/001 Data Representation Questions.md
[53fc10caa6b33b30a3677f3655785fea] Access granted for user: 6 on page: /IGCSE Computer Science/CategorizedPastpapers/001 Data Representation Questions.md
[53fc10caa6b33b30a3677f3655785fea] Checking access for user: 6 on page: /IGCSE Computer Science/CategorizedPastpapers/002 Data Transmission Questions.md
[53fc10caa6b33b30a3677f3655785fea] Access granted for user: 6 on page: /IGCSE Computer Science/CategorizedPastpapers/002 Data Transmission Questions.md
[53fc10caa6b33b30a3677f3655785fea] Checking access for user: 6 on page: /IGCSE Computer Science/CategorizedPastpapers/004 Software Questions.md
[53fc10caa6b33b30a3677f3655785fea] Access granted for user: 6 on page: /IGCSE Computer Science/CategorizedPastpapers/004 Software Questions.md
[53fc10caa6b33b30a3677f3655785fea] Checking access for user: 6 on page: /IGCSE Computer Science/CategorizedPastpapers/006 Automated and Emerging Technologies Questions.md
[53fc10caa6b33b30a3677f3655785fea] Access granted for user: 6 on page: /IGCSE Computer Science/CategorizedPastpapers/006 Automated and Emerging Technologies Questions.md
[53fc10caa6b33b30a3677f3655785fea] Checking access for user: 6 on page: /IGCSE Computer Science/IGCSE Computer Science Index.md
[53fc10caa6b33b30a3677f3655785fea] No specific permissions required for this page.
[unknown] 邮件发送成功：baicao2010@qq.com
[unknown] Reset password: 123456
[unknown] Login attempt for email: baicao2010@qq.com
[unknown] Password verified successfully for email: baicao2010@qq.com
[0575d6083446ca61dacc7f35474e994b] Login successful for user ID: 6
[0575d6083446ca61dacc7f35474e994b] Checking access for user: 6 on page: /ASAL Computer Science/CategorizedPastpapers/001 DataRepresentation Questions.md
[0575d6083446ca61dacc7f35474e994b] Access denied for user: 6 on page: /ASAL Computer Science/CategorizedPastpapers/001 DataRepresentation Questions.md
[0575d6083446ca61dacc7f35474e994b] Checking access for user: 6 on page: /IGCSE Computer Science/CategorizedPastpapers/001 Data Representation Questions.md
[0575d6083446ca61dacc7f35474e994b] Access granted for user: 6 on page: /IGCSE Computer Science/CategorizedPastpapers/001 Data Representation Questions.md
[0575d6083446ca61dacc7f35474e994b] Checking access for user: 6 on page: /IGCSE Computer Science/Pastpapers/2024-m12/2024-m12-01.md
[0575d6083446ca61dacc7f35474e994b] No specific permissions required for this page.
[0575d6083446ca61dacc7f35474e994b] 邮件发送成功：baicao2010@qq.com
[0575d6083446ca61dacc7f35474e994b] 邮件发送成功：baicao2010@qq.com
