[2024-11-15T17:18:32.032513+08:00] sms.INFO: [req_673711e807ab93.31691096][REQ]{"PhoneNumberSet":["+8617722690277"],"SmsSdkAppId":"1400946659","TemplateId":"2305812","SignName":"\u7545\u77e5\u4eab\u7f51","TemplateParamSet":["888888","1"]}  
[2024-11-15T17:18:32.175300+08:00] sms.INFO: [req_673711e807ab93.31691096][RES]{"SendStatusSet":[{"SerialNo":"4413:250460403717316623122589027","PhoneNumber":"+8617722690277","Fee":1,"SessionContext":"","Code":"Ok","Message":"send success","IsoCode":"CN"}],"RequestId":"7927bd0f-b556-4301-b3c8-35d16799748e"}  
[2024-11-15T17:18:32.175365+08:00] sms.INFO: [req_673711e807ab93.31691096][RET]{"rs":0,"message":"\u672a\u77e5\u9519\u8bef\uff0c\u8bf7\u5fae\u4fe1\u8054\u7cfbByteSwan","request_id":"req_673711e807ab93.31691096"}  
[2024-11-15T17:19:59.762061+08:00] sms.INFO: [req_6737123fb9b5f1.12679686][REQ]{"PhoneNumberSet":["+8617722690277"],"SmsSdkAppId":"1400946659","TemplateId":"2305812","SignName":"畅知享网","TemplateParamSet":["888888","1"]}  
[2024-11-15T17:19:59.897652+08:00] sms.INFO: [req_6737123fb9b5f1.12679686][RES]{"SendStatusSet":[{"SerialNo":"4413:194753801617316623999769027","PhoneNumber":"+8617722690277","Fee":1,"SessionContext":"","Code":"Ok","Message":"send success","IsoCode":"CN"}],"RequestId":"43b5d030-edbe-4b71-9c8d-97b48f168608"}  
[2024-11-15T17:19:59.897724+08:00] sms.INFO: [req_6737123fb9b5f1.12679686][RET]{"rs":0,"message":"未知错误，请微信联系ByteSwan","request_id":"req_6737123fb9b5f1.12679686"}  
[2024-11-15T21:50:16.428045+08:00] sms.INFO: [req_673751986717b4.12650270][REQ]{"PhoneNumberSet":["+8617722690277"],"SmsSdkAppId":"1400946659","TemplateId":"2305812","SignName":"畅知享网","TemplateParamSet":[539704,1]}  
[2024-11-15T21:50:16.554430+08:00] sms.INFO: [req_673751986717b4.12650270][RET]{"rs":0,"message":"未知错误，请微信联系ByteSwan","request_id":"req_673751986717b4.12650270"}  
[2024-11-15T21:51:31.433464+08:00] sms.INFO: [req_673751e3695294.61980791][REQ]{"PhoneNumberSet":["+8617722690277"],"SmsSdkAppId":"1400946659","TemplateId":"2305812","SignName":"畅知享网","TemplateParamSet":[187737,1]}  
[2024-11-15T21:51:31.533930+08:00] sms.INFO: [req_673751e3695294.61980791][ERR][TencentCloud\Common\Exception\TencentCloudSDKException] code:InvalidParameter message:The value type of parameter `TemplateParamSet.0` is not valid, input type should be `string` requestId:486f2847-3011-4df5-adae-9c83cd34eeb0  
[2024-11-15T21:51:31.534037+08:00] sms.INFO: [req_673751e3695294.61980791][RET]{"rs":0,"message":"未知错误，请微信联系ByteSwan","request_id":"req_673751e3695294.61980791"}  
[2024-11-15T21:54:26.926196+08:00] sms.INFO: [req_67375292e200b2.08427104][REQ]{"PhoneNumberSet":["+8617722690277"],"SmsSdkAppId":"1400946659","TemplateId":"2305812","SignName":"畅知享网","TemplateParamSet":["304468","1"]}  
[2024-11-15T21:54:27.065655+08:00] sms.INFO: [req_67375292e200b2.08427104][RES]{"SendStatusSet":[{"SerialNo":"4413:319948628017316788672459027","PhoneNumber":"+8617722690277","Fee":1,"SessionContext":"","Code":"Ok","Message":"send success","IsoCode":"CN"}],"RequestId":"958f562d-1ccf-4595-a9a4-8c515413acb9"}  
[2024-11-15T21:54:27.065727+08:00] sms.INFO: [req_67375292e200b2.08427104][RET]{"rs":0,"message":"未知错误，请微信联系ByteSwan","request_id":"req_67375292e200b2.08427104"}  
[2024-11-15T21:56:17.676265+08:00] sms.INFO: [req_67375301a4d005.82766728][REQ]{"PhoneNumberSet":["+8617722690277"],"SmsSdkAppId":"1400946659","TemplateId":"2305812","SignName":"畅知享网","TemplateParamSet":["271580","1"]}  
[2024-11-15T21:56:17.798327+08:00] sms.INFO: [req_67375301a4d005.82766728][RES]{"SendStatusSet":[{"SerialNo":"4413:67933837517316789779849027","PhoneNumber":"+8617722690277","Fee":1,"SessionContext":"","Code":"Ok","Message":"send success","IsoCode":"CN"}],"RequestId":"4f0e8cf9-8bce-4441-b548-bb3900f1e6b9"}  
[2024-11-15T21:56:17.798403+08:00] sms.INFO: [req_67375301a4d005.82766728][RET]{"rs":0,"message":"未知错误，请微信联系ByteSwan","request_id":"req_67375301a4d005.82766728"}  
[2024-11-15T21:58:12.351431+08:00] sms.INFO: [req_6737537455ab70.10723233][REQ]{"PhoneNumberSet":["+8617722690277"],"SmsSdkAppId":"1400946659","TemplateId":"2305812","SignName":"畅知享网","TemplateParamSet":["353859","1"]}  
[2024-11-15T21:58:12.481882+08:00] sms.INFO: [req_6737537455ab70.10723233][RES]{"SendStatusSet":[{"SerialNo":"4413:170269683717316790926599027","PhoneNumber":"+8617722690277","Fee":1,"SessionContext":"","Code":"Ok","Message":"send success","IsoCode":"CN"}],"RequestId":"b081855d-d44b-4bc0-adfe-35cbb6770ff7"}  
[2024-11-15T21:58:12.481953+08:00] sms.INFO: [req_6737537455ab70.10723233][RET]{"rs":0,"message":"未知错误，请微信联系ByteSwan","request_id":"req_6737537455ab70.10723233"}  
[2024-11-15T21:59:08.895078+08:00] sms.INFO: [req_673753acda48a6.47462916][REQ]{"PhoneNumberSet":["+8617722690277"],"SmsSdkAppId":"1400946659","TemplateId":"2305812","SignName":"畅知享网","TemplateParamSet":["173673","1"]}  
[2024-11-15T21:59:09.086136+08:00] sms.INFO: [req_673753acda48a6.47462916][RES]{"SendStatusSet":[{"SerialNo":"4413:390917562317316791492649027","PhoneNumber":"+8617722690277","Fee":1,"SessionContext":"","Code":"Ok","Message":"send success","IsoCode":"CN"}],"RequestId":"f6ea974b-0008-4e09-828a-aa3e8899f99c"}  
[2024-11-15T21:59:43.317068+08:00] sms.INFO: [req_673753cf4d4f38.38100186][REQ]{"PhoneNumberSet":["+8617722690277"],"SmsSdkAppId":"1400946659","TemplateId":"2305812","SignName":"畅知享网","TemplateParamSet":["397092","1"]}  
[2024-11-15T21:59:43.447571+08:00] sms.INFO: [req_673753cf4d4f38.38100186][RES]{"SendStatusSet":[{"SerialNo":"4413:176875208717316791836279027","PhoneNumber":"+8617722690277","Fee":1,"SessionContext":"","Code":"Ok","Message":"send success","IsoCode":"CN"}],"RequestId":"7bc8f5cb-61b7-42fa-8a90-72f5543bb2c9"}  
[2024-11-15T22:02:14.412841+08:00] sms.INFO: [req_67375466644fa1.93084987][REQ]{"PhoneNumberSet":["+8617722690277"],"SmsSdkAppId":"1400946659","TemplateId":"2305812","SignName":"畅知享网","TemplateParamSet":["753703","1"]}  
[2024-11-15T22:02:14.540601+08:00] sms.INFO: [req_67375466644fa1.93084987][RES]{"SendStatusSet":[{"SerialNo":"4413:95799278117316793347159027","PhoneNumber":"+8617722690277","Fee":1,"SessionContext":"","Code":"Ok","Message":"send success","IsoCode":"CN"}],"RequestId":"4d85dac3-9ecf-469f-9f43-ee09666df411"}  
[2024-11-15T22:02:14.540676+08:00] sms.INFO: [req_67375466644fa1.93084987][test]Ok  
[2024-11-15T22:02:14.540707+08:00] sms.INFO: [req_67375466644fa1.93084987][RET]{"rs":1,"message":"短信已发送到+8617722690277","request_id":"req_67375466644fa1.93084987"}  
[2024-11-15T22:11:40.169119+08:00] sms.INFO: [req_6737569c291741.09936340][REQ]{"PhoneNumberSet":["+8617722690277"],"SmsSdkAppId":"1400946659","TemplateId":"2305812","SignName":"畅知享网","TemplateParamSet":["937273","3"]}  
[2024-11-15T22:11:40.310970+08:00] sms.INFO: [req_6737569c291741.09936340][RES]{"SendStatusSet":[{"SerialNo":"","PhoneNumber":"+8617722690277","Fee":0,"SessionContext":"","Code":"LimitExceeded.PhoneNumberDailyLimit","Message":"the number of sms messages sent from a single mobile number every day exceeds the upper limit","IsoCode":"CN"}],"RequestId":"2fb34464-b854-4c21-8de3-941b4f6f24cc"}  
[2024-11-15T22:11:40.311043+08:00] sms.INFO: [req_6737569c291741.09936340][test]LimitExceeded.PhoneNumberDailyLimit  
[2024-11-15T22:11:40.311079+08:00] sms.INFO: [req_6737569c291741.09936340][RET]{"rs":0,"message":"单个手机号短信日限额超出。","request_id":"req_6737569c291741.09936340"}  
[2024-11-15T22:13:28.249789+08:00] sms.INFO: [req_673757083cd245.30571649][REQ]{"PhoneNumberSet":["+8617722690277"],"SmsSdkAppId":"1400946659","TemplateId":"2305812","SignName":"畅知享网","TemplateParamSet":["981107","3"]}  
[2024-11-15T22:13:28.383420+08:00] sms.INFO: [req_673757083cd245.30571649][RES]{"SendStatusSet":[{"SerialNo":"","PhoneNumber":"+8617722690277","Fee":0,"SessionContext":"","Code":"LimitExceeded.PhoneNumberDailyLimit","Message":"the number of sms messages sent from a single mobile number every day exceeds the upper limit","IsoCode":"CN"}],"RequestId":"708d230e-560a-41f6-a666-55d25ee3026a"}  
[2024-11-15T22:13:28.383518+08:00] sms.INFO: [req_673757083cd245.30571649][test]LimitExceeded.PhoneNumberDailyLimit  
[2024-11-15T22:13:28.383551+08:00] sms.INFO: [req_673757083cd245.30571649][RET]{"rs":0,"message":"单个手机号短信日限额超出。","request_id":"req_673757083cd245.30571649"}  
[2024-11-15T22:13:40.188801+08:00] sms.INFO: [req_673757142de189.58746240][REQ]{"PhoneNumberSet":["+8617722690277"],"SmsSdkAppId":"1400946659","TemplateId":"2305812","SignName":"畅知享网","TemplateParamSet":["514716","3"]}  
[2024-11-15T22:13:40.364847+08:00] sms.INFO: [req_673757142de189.58746240][RES]{"SendStatusSet":[{"SerialNo":"","PhoneNumber":"+8617722690277","Fee":0,"SessionContext":"","Code":"LimitExceeded.PhoneNumberDailyLimit","Message":"the number of sms messages sent from a single mobile number every day exceeds the upper limit","IsoCode":"CN"}],"RequestId":"7a5686e6-2ff2-4613-8147-a2d065efd088"}  
[2024-11-15T22:13:40.364920+08:00] sms.INFO: [req_673757142de189.58746240][test]LimitExceeded.PhoneNumberDailyLimit  
[2024-11-15T22:13:40.364960+08:00] sms.INFO: [req_673757142de189.58746240][RET]{"rs":0,"message":"单个手机号短信日限额超出。","request_id":"req_673757142de189.58746240"}  
